2025-01-30 18:50:25.927 | INFO     | utils_logger:<module>:39 - Logging to file: logs\project_log.log
2025-01-30 18:50:25.928 | INFO     | __main__:main:94 - Starting JSON fetch demonstration...
2025-01-30 18:50:25.929 | INFO     | __main__:fetch_json_file:53 - Fetching JSON data from https://musicbrainz.org/ws/2/release/d5c3ab50-8ff4-44f4-bf64-dff32e13a259?inc=aliases%2Bartist-credits%2Blabels%2Bdiscids%2Brecordings&fmt=json...
2025-01-30 18:50:26.706 | INFO     | __main__:write_json_file:77 - Writing JSON data to data\calabasas.json...
2025-01-30 18:50:26.726 | INFO     | __main__:write_json_file:81 - SUCCESS: JSON data written to data\calabasas.json
2025-01-30 18:50:26.746 | INFO     | __main__:fetch_json_file:57 - SUCCESS: JSON file fetched and saved as calabasas.json
2025-01-30 18:55:23.541 | INFO     | utils_logger:<module>:39 - Logging to file: logs\project_log.log
2025-01-30 18:55:23.542 | INFO     | __main__:main:93 - Starting CSV fetch demonstration...
2025-01-30 18:55:23.543 | INFO     | __main__:fetch_csv_file:52 - Fetching CSV data from https://raw.githubusercontent.com/cjriggio/NFL-Data/refs/heads/master/2019pbp.csv...
2025-01-30 18:55:23.846 | INFO     | __main__:write_csv_file:76 - Writing CSV data to data\nflfantasy.csv...
2025-01-30 18:55:23.934 | INFO     | __main__:write_csv_file:80 - SUCCESS: CSV data written to data\nflfantasy.csv
2025-01-30 18:55:23.936 | INFO     | __main__:fetch_csv_file:56 - SUCCESS: CSV file fetched and saved as nflfantasy.csv
2025-01-30 18:58:50.255 | INFO     | utils_logger:<module>:39 - Logging to file: logs\project_log.log
2025-01-30 18:58:50.256 | INFO     | __main__:main:93 - Starting Excel fetch demonstration...
2025-01-30 18:58:50.257 | INFO     | __main__:fetch_excel_file:52 - Fetching Excel data from https://view.officeapps.live.com/op/view.aspx?src=https%3A%2F%2Fraw.githubusercontent.com%2Fkirthinavalan%2FEntertainer-dataset--data-analysis%2Frefs%2Fheads%2Fmain%2FEntertainer%2520-%2520data.xlsx&wdOrigin=BROWSELINK...
2025-01-30 18:58:50.589 | INFO     | __main__:write_excel_file:76 - Writing Excel data to data\grammy.xlsx...
2025-01-30 18:58:50.592 | INFO     | __main__:write_excel_file:80 - SUCCESS: Excel data written to data\grammy.xlsx
2025-01-30 18:58:50.593 | INFO     | __main__:fetch_excel_file:56 - SUCCESS: Excel file fetched and saved as grammy.xlsx
2025-01-30 19:03:33.955 | INFO     | utils_logger:<module>:39 - Logging to file: logs\project_log.log
2025-01-30 19:03:33.956 | INFO     | __main__:main:93 - Starting text fetch demonstration...
2025-01-30 19:03:33.957 | INFO     | __main__:fetch_txt_file:52 - Fetching text data from https://github.com/coblezc/drake-ebook/blob/master/drake-lyrics.txt...
2025-01-30 19:03:34.799 | INFO     | __main__:write_txt_file:76 - Writing data to data\drakelyrics.txt...
2025-01-30 19:03:34.839 | INFO     | __main__:write_txt_file:80 - SUCCESS: Data written to data\drakelyrics.txt
2025-01-30 19:03:34.841 | INFO     | __main__:fetch_txt_file:56 - SUCCESS: Text file fetched and saved as drakelyrics.txt
2025-01-30 19:13:00.122 | INFO     | utils_logger:<module>:39 - Logging to file: logs\project_log.log
2025-01-30 19:13:00.123 | INFO     | __main__:<module>:52 - Starting text processing...
2025-01-30 19:13:00.171 | INFO     | __main__:process_text_file:45 - Processed text file: data\drakelyrics.txt, Word count saved to: data_processed\text_drizzy_word_count.txt
2025-01-30 19:13:00.173 | INFO     | __main__:<module>:54 - Text processing complete.
2025-01-30 19:54:26.822 | INFO     | utils_logger:<module>:39 - Logging to file: logs\project_log.log
2025-01-30 19:54:26.822 | INFO     | __main__:<module>:65 - Starting JSON processing...
2025-01-30 19:54:26.825 | INFO     | __main__:process_json_file:58 - Processed JSON file: data\calabasas.json, Results saved to: data_processed\json_artists_by_track.txt
2025-01-30 19:54:26.826 | INFO     | __main__:<module>:67 - JSON processing complete.
2025-01-30 19:55:10.546 | INFO     | utils_logger:<module>:39 - Logging to file: logs\project_log.log
2025-01-30 19:55:10.547 | INFO     | __main__:<module>:65 - Starting JSON processing...
2025-01-30 19:55:10.551 | INFO     | __main__:process_json_file:58 - Processed JSON file: data\calabasas.json, Results saved to: data_processed\json_artists_by_track.txt
2025-01-30 19:55:10.552 | INFO     | __main__:<module>:67 - JSON processing complete.
2025-01-30 20:04:42.578 | INFO     | utils_logger:<module>:39 - Logging to file: logs\project_log.log
2025-01-30 20:04:42.579 | INFO     | __main__:<module>:61 - Starting Excel processing...
2025-01-30 20:04:42.692 | ERROR    | __main__:count_word_in_column:41 - Error reading Excel file: File is not a zip file
2025-01-30 20:04:42.714 | INFO     | __main__:process_excel_file:54 - Processed Excel file: data\grammy.xlsx, Word count saved to: data_processed\excel_feedback_the_count.txt
2025-01-30 20:04:42.715 | INFO     | __main__:<module>:63 - Excel processing complete.
2025-01-30 20:05:24.915 | INFO     | utils_logger:<module>:39 - Logging to file: logs\project_log.log
2025-01-30 20:05:24.915 | INFO     | __main__:<module>:61 - Starting Excel processing...
2025-01-30 20:05:24.916 | ERROR    | __main__:count_word_in_column:41 - Error reading Excel file: File is not a zip file
2025-01-30 20:05:24.917 | INFO     | __main__:process_excel_file:54 - Processed Excel file: data\grammy.xlsx, Word count saved to: data_processed\excel_feedback_the_count.txt
2025-01-30 20:05:24.918 | INFO     | __main__:<module>:63 - Excel processing complete.
2025-01-30 20:10:05.171 | INFO     | utils_logger:<module>:39 - Logging to file: logs\project_log.log
2025-01-30 20:10:05.171 | INFO     | __main__:<module>:61 - Starting Excel processing...
2025-01-30 20:10:05.172 | ERROR    | __main__:count_word_in_column:41 - Error reading Excel file: File is not a zip file
2025-01-30 20:10:05.174 | INFO     | __main__:process_excel_file:54 - Processed Excel file: data\grammy.xlsx, Word count saved to: data_processed\excel_feedback_the_count.txt
2025-01-30 20:10:05.175 | INFO     | __main__:<module>:63 - Excel processing complete.
2025-01-30 20:12:36.315 | INFO     | utils_logger:<module>:39 - Logging to file: logs\project_log.log
2025-01-30 20:12:36.316 | INFO     | __main__:<module>:62 - Starting Excel processing...
2025-01-30 20:12:36.317 | ERROR    | __main__:count_word_in_column:42 - Error reading Excel file: File is not a zip file
2025-01-30 20:12:36.318 | INFO     | __main__:process_excel_file:55 - Processed Excel file: data\grammy.xlsx, Word count saved to: data_processed\excel_feedback_the_count.txt
2025-01-30 20:12:36.319 | INFO     | __main__:<module>:64 - Excel processing complete.
2025-01-30 20:13:41.969 | INFO     | utils_logger:<module>:39 - Logging to file: logs\project_log.log
2025-01-30 20:13:41.970 | INFO     | __main__:<module>:62 - Starting Excel processing...
2025-01-30 20:13:41.971 | ERROR    | __main__:count_word_in_column:42 - Error reading Excel file: [Errno 2] No such file or directory: 'data\\data\\grammy.xlsx'
2025-01-30 20:13:41.973 | INFO     | __main__:process_excel_file:55 - Processed Excel file: data\data\grammy.xlsx, Word count saved to: data_processed\excel_feedback_the_count.txt
2025-01-30 20:13:41.974 | INFO     | __main__:<module>:64 - Excel processing complete.
2025-01-30 20:13:57.396 | INFO     | utils_logger:<module>:39 - Logging to file: logs\project_log.log
2025-01-30 20:13:57.397 | INFO     | __main__:<module>:62 - Starting Excel processing...
2025-01-30 20:13:57.398 | ERROR    | __main__:count_word_in_column:42 - Error reading Excel file: File is not a zip file
2025-01-30 20:13:57.400 | INFO     | __main__:process_excel_file:55 - Processed Excel file: data\grammy.xlsx, Word count saved to: data_processed\excel_feedback_the_count.txt
2025-01-30 20:13:57.401 | INFO     | __main__:<module>:64 - Excel processing complete.
2025-01-30 20:14:32.441 | INFO     | utils_logger:<module>:39 - Logging to file: logs\project_log.log
2025-01-30 20:14:32.442 | INFO     | __main__:<module>:63 - Starting Excel processing...
2025-01-30 20:14:32.443 | ERROR    | __main__:count_word_in_column:43 - Error reading Excel file: File is not a zip file
2025-01-30 20:14:32.445 | INFO     | __main__:process_excel_file:56 - Processed Excel file: data\grammy.xlsx, Word count saved to: data_processed\excel_feedback_the_count.txt
2025-01-30 20:14:32.446 | INFO     | __main__:<module>:65 - Excel processing complete.
2025-01-30 20:17:57.285 | INFO     | utils_logger:<module>:39 - Logging to file: logs\project_log.log
2025-01-30 20:17:57.287 | INFO     | __main__:main:93 - Starting Excel fetch demonstration...
2025-01-30 20:17:57.287 | INFO     | __main__:fetch_excel_file:52 - Fetching Excel data from https://raw.githubusercontent.com/kirthinavalan/Entertainer-dataset--data-analysis/main/Entertainer%20-%20data.xlsx...
2025-01-30 20:17:57.798 | INFO     | __main__:write_excel_file:76 - Writing Excel data to data\grammy.xlsx...
2025-01-30 20:17:57.801 | INFO     | __main__:write_excel_file:80 - SUCCESS: Excel data written to data\grammy.xlsx
2025-01-30 20:17:57.802 | INFO     | __main__:fetch_excel_file:56 - SUCCESS: Excel file fetched and saved as grammy.xlsx
2025-01-30 20:18:27.177 | INFO     | utils_logger:<module>:39 - Logging to file: logs\project_log.log
2025-01-30 20:18:27.178 | INFO     | __main__:<module>:63 - Starting Excel processing...
2025-01-30 20:18:27.215 | ERROR    | __main__:count_word_in_column:43 - Error reading Excel file: Breakthrough Name is not a valid coordinate or range
2025-01-30 20:18:27.217 | INFO     | __main__:process_excel_file:56 - Processed Excel file: data\grammy.xlsx, Word count saved to: data_processed\excel_feedback_the_count.txt
2025-01-30 20:18:27.218 | INFO     | __main__:<module>:65 - Excel processing complete.
2025-01-30 20:20:18.958 | INFO     | utils_logger:<module>:39 - Logging to file: logs\project_log.log
2025-01-30 20:20:18.959 | INFO     | __main__:<module>:63 - Starting Excel processing...
2025-01-30 20:20:19.006 | INFO     | __main__:process_excel_file:56 - Processed Excel file: data\grammy.xlsx, Word count saved to: data_processed\excel_feedback_the_count.txt
2025-01-30 20:20:19.007 | INFO     | __main__:<module>:65 - Excel processing complete.
2025-01-30 20:26:29.747 | INFO     | utils_logger:<module>:39 - Logging to file: logs\project_log.log
2025-01-30 20:26:29.748 | INFO     | __main__:main:93 - Starting CSV fetch demonstration...
2025-01-30 20:26:29.749 | INFO     | __main__:fetch_csv_file:52 - Fetching CSV data from https://raw.githubusercontent.com/cjriggio/NFL-Data/refs/heads/master/combinedrushing2019.csv...
2025-01-30 20:26:30.471 | INFO     | __main__:write_csv_file:76 - Writing CSV data to data\nflfantasy.csv...
2025-01-30 20:26:30.496 | INFO     | __main__:write_csv_file:80 - SUCCESS: CSV data written to data\nflfantasy.csv
2025-01-30 20:26:30.497 | INFO     | __main__:fetch_csv_file:56 - SUCCESS: CSV file fetched and saved as nflfantasy.csv
2025-01-30 20:32:04.638 | INFO     | utils_logger:<module>:39 - Logging to file: logs\project_log.log
2025-01-30 20:32:04.639 | INFO     | __main__:<module>:75 - Starting CSV processing...
2025-01-30 20:32:04.640 | ERROR    | __main__:analyze_yards:50 - Error processing CSV file: [Errno 2] No such file or directory: 'data\\nfl_fantasy.csv'
2025-01-30 20:32:47.439 | INFO     | utils_logger:<module>:39 - Logging to file: logs\project_log.log
2025-01-30 20:32:47.440 | INFO     | __main__:<module>:75 - Starting CSV processing...
2025-01-30 20:32:47.527 | INFO     | __main__:process_csv_file:68 - Processed CSV file: data\nflfantasy.csv, Statistics saved to: data_processed\nfl_rushing_yards_stats.txt
2025-01-30 20:32:47.528 | INFO     | __main__:<module>:77 - CSV processing complete.
2025-01-31 18:47:11.554 | INFO     | utils_logger:<module>:39 - Logging to file: logs\project_log.log
2025-01-31 18:47:11.555 | INFO     | __main__:main:93 - Starting Excel fetch demonstration...
2025-01-31 18:47:11.556 | INFO     | __main__:fetch_excel_file:52 - Fetching Excel data from https://raw.githubusercontent.com/kirthinavalan/Entertainer-dataset--data-analysis/main/Entertainer%20-%20data.xlsx...
2025-01-31 18:47:12.096 | INFO     | __main__:write_excel_file:76 - Writing Excel data to data\grammy.xlsx...
2025-01-31 18:47:12.099 | INFO     | __main__:write_excel_file:80 - SUCCESS: Excel data written to data\grammy.xlsx
2025-01-31 18:47:12.100 | INFO     | __main__:fetch_excel_file:56 - SUCCESS: Excel file fetched and saved as grammy.xlsx
2025-01-31 18:48:36.852 | INFO     | utils_logger:<module>:39 - Logging to file: logs\project_log.log
2025-01-31 18:48:36.852 | INFO     | __main__:main:93 - Starting text fetch demonstration...
2025-01-31 18:48:36.853 | INFO     | __main__:fetch_txt_file:52 - Fetching text data from https://raw.githubusercontent.com/denisecase/datafun-03-analytics/main/hosted/romeo.txt...
2025-01-31 18:48:37.061 | INFO     | __main__:write_txt_file:76 - Writing data to example_data\romeo.txt...
2025-01-31 18:48:37.070 | INFO     | __main__:write_txt_file:80 - SUCCESS: Data written to example_data\romeo.txt
2025-01-31 18:48:37.071 | INFO     | __main__:fetch_txt_file:56 - SUCCESS: Text file fetched and saved as romeo.txt
2025-01-31 18:48:45.081 | INFO     | utils_logger:<module>:39 - Logging to file: logs\project_log.log
2025-01-31 18:48:45.081 | INFO     | __main__:main:93 - Starting CSV fetch demonstration...
2025-01-31 18:48:45.082 | INFO     | __main__:fetch_csv_file:52 - Fetching CSV data from https://raw.githubusercontent.com/cjriggio/NFL-Data/refs/heads/master/combinedrushing2019.csv...
2025-01-31 18:48:45.959 | INFO     | __main__:write_csv_file:76 - Writing CSV data to data\nflfantasy.csv...
2025-01-31 18:48:45.982 | INFO     | __main__:write_csv_file:80 - SUCCESS: CSV data written to data\nflfantasy.csv
2025-01-31 18:48:45.983 | INFO     | __main__:fetch_csv_file:56 - SUCCESS: CSV file fetched and saved as nflfantasy.csv
2025-01-31 18:49:10.734 | INFO     | utils_logger:<module>:39 - Logging to file: logs\project_log.log
2025-01-31 18:49:10.734 | INFO     | __main__:main:93 - Starting Excel fetch demonstration...
2025-01-31 18:49:10.735 | INFO     | __main__:fetch_excel_file:52 - Fetching Excel data from https://raw.githubusercontent.com/denisecase/datafun-03-analytics/main/hosted/Feedback.xlsx...
2025-01-31 18:49:11.106 | INFO     | __main__:write_excel_file:76 - Writing Excel data to example_data\feedback.xlsx...
2025-01-31 18:49:11.110 | INFO     | __main__:write_excel_file:80 - SUCCESS: Excel data written to example_data\feedback.xlsx
2025-01-31 18:49:11.111 | INFO     | __main__:fetch_excel_file:56 - SUCCESS: Excel file fetched and saved as feedback.xlsx
2025-01-31 18:49:16.284 | INFO     | utils_logger:<module>:39 - Logging to file: logs\project_log.log
2025-01-31 18:49:16.285 | INFO     | __main__:main:94 - Starting JSON fetch demonstration...
2025-01-31 18:49:16.285 | INFO     | __main__:fetch_json_file:53 - Fetching JSON data from http://api.open-notify.org/astros.json...
2025-01-31 18:49:16.799 | INFO     | __main__:write_json_file:77 - Writing JSON data to example_data\astros.json...
2025-01-31 18:49:16.803 | INFO     | __main__:write_json_file:81 - SUCCESS: JSON data written to example_data\astros.json
2025-01-31 18:49:16.804 | INFO     | __main__:fetch_json_file:57 - SUCCESS: JSON file fetched and saved as astros.json
2025-01-31 18:49:22.842 | INFO     | utils_logger:<module>:39 - Logging to file: logs\project_log.log
2025-01-31 18:49:22.844 | INFO     | __main__:main:93 - Starting text fetch demonstration...
2025-01-31 18:49:22.844 | INFO     | __main__:fetch_txt_file:52 - Fetching text data from https://raw.githubusercontent.com/denisecase/datafun-03-analytics/main/hosted/romeo.txt...
2025-01-31 18:49:23.000 | INFO     | __main__:write_txt_file:76 - Writing data to example_data\romeo.txt...
2025-01-31 18:49:23.011 | INFO     | __main__:write_txt_file:80 - SUCCESS: Data written to example_data\romeo.txt
2025-01-31 18:49:23.012 | INFO     | __main__:fetch_txt_file:56 - SUCCESS: Text file fetched and saved as romeo.txt
2025-01-31 18:49:42.033 | INFO     | utils_logger:<module>:39 - Logging to file: logs\project_log.log
2025-01-31 18:49:42.034 | INFO     | __main__:main:93 - Starting CSV fetch demonstration...
2025-01-31 18:49:42.034 | INFO     | __main__:fetch_csv_file:52 - Fetching CSV data from https://raw.githubusercontent.com/MainakRepositor/Datasets/master/World%20Happiness%20Data/2020.csv...
2025-01-31 18:49:42.607 | INFO     | __main__:write_csv_file:76 - Writing CSV data to example_data\2020_happiness.csv...
2025-01-31 18:49:42.630 | INFO     | __main__:write_csv_file:80 - SUCCESS: CSV data written to example_data\2020_happiness.csv
2025-01-31 18:49:42.631 | INFO     | __main__:fetch_csv_file:56 - SUCCESS: CSV file fetched and saved as 2020_happiness.csv
2025-01-31 18:55:20.557 | INFO     | utils_logger:<module>:39 - Logging to file: logs\project_log.log
2025-01-31 18:55:20.558 | INFO     | __main__:<module>:78 - Starting CSV processing...
2025-01-31 18:55:20.574 | INFO     | __main__:process_csv_file:71 - Processed CSV file: example_data\2020_happiness.csv, Statistics saved to: example_processed\happiness_ladder_score_stats.txt
2025-01-31 18:55:20.575 | INFO     | __main__:<module>:80 - CSV processing complete.
2025-01-31 18:55:27.709 | INFO     | utils_logger:<module>:39 - Logging to file: logs\project_log.log
2025-01-31 18:55:27.709 | INFO     | __main__:<module>:61 - Starting Excel processing...
2025-01-31 18:55:27.748 | INFO     | __main__:process_excel_file:54 - Processed Excel file: example_data\feedback.xlsx, Word count saved to: example_processed\excel_feedback_github_count.txt
2025-01-31 18:55:27.749 | INFO     | __main__:<module>:63 - Excel processing complete.
2025-01-31 18:55:30.536 | INFO     | utils_logger:<module>:39 - Logging to file: logs\project_log.log
2025-01-31 18:55:30.537 | INFO     | __main__:<module>:84 - Starting JSON processing...
2025-01-31 18:55:30.547 | INFO     | __main__:process_json_file:77 - Processed JSON file: example_data\astros.json, Results saved to: example_processed\json_astronauts_by_craft.txt
2025-01-31 18:55:30.548 | INFO     | __main__:<module>:86 - JSON processing complete.
2025-01-31 18:55:34.720 | INFO     | utils_logger:<module>:39 - Logging to file: logs\project_log.log
2025-01-31 18:55:34.721 | INFO     | __main__:<module>:52 - Starting text processing...
2025-01-31 18:55:34.742 | INFO     | __main__:process_text_file:45 - Processed text file: example_data\romeo.txt, Word count saved to: example_processed\text_romeo_word_count.txt
2025-01-31 18:55:34.743 | INFO     | __main__:<module>:54 - Text processing complete.
